<?xml version="1.0" encoding="UTF-8"?>
<!-- Generated by org.testng.reporters.JUnitReportReporter -->
<testsuite hostname="CSCO-W-PF40A4W2" failures="0" tests="1" name="com.test.mobile.TestngClass" time="90.071" errors="0" timestamp="2023-03-04T17:25:04 IST" skipped="0">
  <testcase classname="com.test.mobile.TestngClass" name="TestRestaurant" time="90.071"/>
  <system-out/>
</testsuite> <!-- com.test.mobile.TestngClass -->
